INFO Sending email to admin: hujisimariku33@gmail.com
INFO Email subject: [チョイシェアMAP] 一般的なお問い合わせ: aaaaaaaaaaaaaaaaa
INFO From email: hujisimariku33@gmail.com
INFO Admin email sent successfully
INFO Sending auto-reply to: r-fujishima@etsystem.co.jp
INFO Auto-reply email sent successfully
INFO Contact form submitted: あ <r-fujishima@etsystem.co.jp> - 一般的なお問い合わせ
INFO Sending email to admin: hujisimariku33@gmail.com
INFO Email subject: [チョイシェアMAP] 一般的なお問い合わせ: j
INFO From email: hujisimariku33@gmail.com
INFO Admin email sent successfully
INFO Sending auto-reply to: a@ezweb.ne.jp
INFO Auto-reply email sent successfully
INFO Contact form submitted: っっh <a@ezweb.ne.jp> - 一般的なお問い合わせ
INFO Sending email to admin: hujisimariku33@gmail.com
INFO Email subject: [チョイシェアMAP] 一般的なお問い合わせ: aaaaaaaaaaaaaaaaa
INFO From email: hujisimariku33@gmail.com
INFO Admin email sent successfully
INFO Sending auto-reply to: r-fujishima@etsystem.co.jp
INFO Auto-reply email sent successfully
INFO Contact form submitted: あ <r-fujishima@etsystem.co.jp> - 一般的なお問い合わせ
INFO Sending email to admin: hujisimariku33@gmail.com
INFO Email subject: [チョイシェアMAP] 一般的なお問い合わせ: j
INFO From email: hujisimariku33@gmail.com
INFO Admin email sent successfully
INFO Sending auto-reply to: a@ezweb.ne.jp
INFO Auto-reply email sent successfully
INFO Contact form submitted: っっh <a@ezweb.ne.jp> - 一般的なお問い合わせ
INFO Sending email to admin: hujisimariku33@gmail.com
INFO Email subject: [チョイシェアMAP] 一般的なお問い合わせ: aaaaaaaaaaaaaaaaa
INFO From email: hujisimariku33@gmail.com
INFO Admin email sent successfully
INFO Sending auto-reply to: r-fujishima@etsystem.co.jp
INFO Auto-reply email sent successfully
INFO Contact form submitted: あ <r-fujishima@etsystem.co.jp> - 一般的なお問い合わせ
INFO Sending email to admin: hujisimariku33@gmail.com
INFO Email subject: [チョイシェアMAP] 一般的なお問い合わせ: j
INFO From email: hujisimariku33@gmail.com
INFO Admin email sent successfully
INFO Sending auto-reply to: a@ezweb.ne.jp
INFO Auto-reply email sent successfully
INFO Contact form submitted: っっh <a@ezweb.ne.jp> - 一般的なお問い合わせ
INFO Sending email to admin: hujisimariku33@gmail.com
INFO Admin email sent successfully
INFO Auto-reply email sent successfully
INFO Contact form submitted: j <hujisimariku@yahoo.co.jp> - その他
INFO Sending email to admin: hujisimariku33@gmail.com
INFO Admin email sent successfully
INFO Auto-reply email sent successfully
INFO Contact form submitted: Myra Gutman <gutman.myra6@hotmail.com> - バグ報告
INFO Sending email to admin: hujisimariku33@gmail.com
INFO Admin email sent successfully
INFO Auto-reply email sent successfully
INFO Contact form submitted: Bennie Muntz <bennie@start.cards> - その他
INFO Sending email to admin: hujisimariku33@gmail.com
INFO Admin email sent successfully
INFO Auto-reply email sent successfully
INFO Contact form submitted: Hester Padbury <padbury.hester95@gmail.com> - バグ報告
INFO Sending email to admin: hujisimariku33@gmail.com
INFO Admin email sent successfully
INFO Auto-reply email sent successfully
INFO Contact form submitted: っj <hujisimariku33@gmail.com> - その他
INFO Sending email to admin: hujisimariku33@gmail.com
INFO Admin email sent successfully
INFO Auto-reply email sent successfully
INFO Contact form submitted: Orlando Fetherston <fetherston.orlando@googlemail.com> - 一般的なお問い合わせ
INFO Sending email to admin: hujisimariku33@gmail.com
INFO Admin email sent successfully
INFO Auto-reply email sent successfully
INFO Contact form submitted: j <hujisimariku@yahoo.co.jp> - その他
INFO Sending email to admin: hujisimariku33@gmail.com
INFO Admin email sent successfully
INFO Auto-reply email sent successfully
INFO Contact form submitted: っj <hujisimariku3@gmail.com> - その他
INFO Sending email to admin: hujisimariku33@gmail.com
INFO Admin email sent successfully
INFO Auto-reply email sent successfully
INFO Contact form submitted: Gemma Marshall <gemmamarshall112@gmail.com> - 一般的なお問い合わせ
INFO Sending email to admin: hujisimariku33@gmail.com
INFO Admin email sent successfully
INFO Auto-reply email sent successfully
INFO Contact form submitted: Lauren Humble <humble.lauren62@gmail.com> - 機能に関するご要望
INFO Sending email to admin: hujisimariku33@gmail.com
INFO Admin email sent successfully
INFO Auto-reply email sent successfully
INFO Contact form submitted: Johnette Carruthers <johnette.carruthers@googlemail.com> - その他
INFO Sending email to admin: hujisimariku33@gmail.com
INFO Admin email sent successfully
INFO Auto-reply email sent successfully
INFO Contact form submitted: っj <hujisimariku@gmail.com> - その他
INFO Sending email to admin: hujisimariku33@gmail.com
INFO Admin email sent successfully
INFO Auto-reply email sent successfully
INFO Contact form submitted: j <hujisimariku@yahoo.co.jp> - その他
INFO Sending email to admin: hujisimariku33@gmail.com
INFO Admin email sent successfully
INFO Auto-reply email sent successfully
INFO Contact form submitted: test <r-fujishima@etsystem.co.jp> - 技術的な問題
INFO Sending email to admin: hujisimariku33@gmail.com
INFO Admin email sent successfully
INFO Auto-reply email sent successfully
INFO Contact form submitted: j <hujisimariku@yahoo.co.jp> - その他
INFO Sending email to admin: hujisimariku33@gmail.com
INFO Admin email sent successfully
INFO Auto-reply email sent successfully
INFO Contact form submitted: あ <r-fujishima@etsystem.co.jp> - 一般的なお問い合わせ
